<?xml version="1.0" encoding="UTF-8"?>
<testsuite xmlns:xsi="http://www.w3.org/2001/XMLSchema-instance" xsi:noNamespaceSchemaLocation="https://maven.apache.org/surefire/maven-surefire-plugin/xsd/surefire-test-report-3.0.xsd" version="3.0" name="TestSuite" time="228.029" tests="1" errors="0" skipped="0" failures="1">
  <properties>
    <property name="java.specification.version" value="13"/>
    <property name="sun.jnu.encoding" value="UTF-8"/>
    <property name="java.class.path" value="/home/bs/Documents/starboard-dhyey-github/starboard-android/target/test-classes:/home/bs/Documents/starboard-dhyey-github/starboard-android/target/classes:/home/bs/.m2/repository/io/appium/java-client/7.6.0/java-client-7.6.0.jar:/home/bs/.m2/repository/org/seleniumhq/selenium/selenium-support/3.141.59/selenium-support-3.141.59.jar:/home/bs/.m2/repository/org/seleniumhq/selenium/selenium-api/3.141.59/selenium-api-3.141.59.jar:/home/bs/.m2/repository/com/google/code/gson/gson/2.8.8/gson-2.8.8.jar:/home/bs/.m2/repository/org/apache/httpcomponents/httpclient/4.5.13/httpclient-4.5.13.jar:/home/bs/.m2/repository/org/apache/httpcomponents/httpcore/4.4.13/httpcore-4.4.13.jar:/home/bs/.m2/repository/commons-logging/commons-logging/1.2/commons-logging-1.2.jar:/home/bs/.m2/repository/commons-codec/commons-codec/1.11/commons-codec-1.11.jar:/home/bs/.m2/repository/cglib/cglib/3.3.0/cglib-3.3.0.jar:/home/bs/.m2/repository/org/ow2/asm/asm/7.1/asm-7.1.jar:/home/bs/.m2/repository/commons-validator/commons-validator/1.7/commons-validator-1.7.jar:/home/bs/.m2/repository/commons-beanutils/commons-beanutils/1.9.4/commons-beanutils-1.9.4.jar:/home/bs/.m2/repository/commons-digester/commons-digester/2.1/commons-digester-2.1.jar:/home/bs/.m2/repository/commons-collections/commons-collections/3.2.2/commons-collections-3.2.2.jar:/home/bs/.m2/repository/org/apache/commons/commons-lang3/3.12.0/commons-lang3-3.12.0.jar:/home/bs/.m2/repository/commons-io/commons-io/2.11.0/commons-io-2.11.0.jar:/home/bs/.m2/repository/org/springframework/spring-context/5.3.10/spring-context-5.3.10.jar:/home/bs/.m2/repository/org/springframework/spring-aop/5.3.10/spring-aop-5.3.10.jar:/home/bs/.m2/repository/org/springframework/spring-beans/5.3.10/spring-beans-5.3.10.jar:/home/bs/.m2/repository/org/springframework/spring-core/5.3.10/spring-core-5.3.10.jar:/home/bs/.m2/repository/org/springframework/spring-jcl/5.3.10/spring-jcl-5.3.10.jar:/home/bs/.m2/repository/org/springframework/spring-expression/5.3.10/spring-expression-5.3.10.jar:/home/bs/.m2/repository/org/slf4j/slf4j-api/1.7.32/slf4j-api-1.7.32.jar:/home/bs/.m2/repository/org/seleniumhq/selenium/selenium-java/3.141.59/selenium-java-3.141.59.jar:/home/bs/.m2/repository/org/seleniumhq/selenium/selenium-chrome-driver/3.141.59/selenium-chrome-driver-3.141.59.jar:/home/bs/.m2/repository/org/seleniumhq/selenium/selenium-edge-driver/3.141.59/selenium-edge-driver-3.141.59.jar:/home/bs/.m2/repository/org/seleniumhq/selenium/selenium-firefox-driver/3.141.59/selenium-firefox-driver-3.141.59.jar:/home/bs/.m2/repository/org/seleniumhq/selenium/selenium-ie-driver/3.141.59/selenium-ie-driver-3.141.59.jar:/home/bs/.m2/repository/org/seleniumhq/selenium/selenium-opera-driver/3.141.59/selenium-opera-driver-3.141.59.jar:/home/bs/.m2/repository/org/seleniumhq/selenium/selenium-remote-driver/3.141.59/selenium-remote-driver-3.141.59.jar:/home/bs/.m2/repository/org/seleniumhq/selenium/selenium-safari-driver/3.141.59/selenium-safari-driver-3.141.59.jar:/home/bs/.m2/repository/net/bytebuddy/byte-buddy/1.8.15/byte-buddy-1.8.15.jar:/home/bs/.m2/repository/org/apache/commons/commons-exec/1.3/commons-exec-1.3.jar:/home/bs/.m2/repository/com/google/guava/guava/25.0-jre/guava-25.0-jre.jar:/home/bs/.m2/repository/org/checkerframework/checker-compat-qual/2.0.0/checker-compat-qual-2.0.0.jar:/home/bs/.m2/repository/com/google/errorprone/error_prone_annotations/2.1.3/error_prone_annotations-2.1.3.jar:/home/bs/.m2/repository/com/google/j2objc/j2objc-annotations/1.1/j2objc-annotations-1.1.jar:/home/bs/.m2/repository/org/codehaus/mojo/animal-sniffer-annotations/1.14/animal-sniffer-annotations-1.14.jar:/home/bs/.m2/repository/com/squareup/okhttp3/okhttp/3.11.0/okhttp-3.11.0.jar:/home/bs/.m2/repository/com/squareup/okio/okio/1.14.0/okio-1.14.0.jar:/home/bs/.m2/repository/com/github/automatedowl/allure-environment-writer/1.0.0/allure-environment-writer-1.0.0.jar:/home/bs/.m2/repository/com/codeborne/selenide/5.25.0/selenide-5.25.0.jar:/home/bs/.m2/repository/org/opentest4j/opentest4j/1.2.0/opentest4j-1.2.0.jar:/home/bs/.m2/repository/io/github/bonigarcia/webdrivermanager/5.0.3/webdrivermanager-5.0.3.jar:/home/bs/.m2/repository/org/jsoup/jsoup/1.14.2/jsoup-1.14.2.jar:/home/bs/.m2/repository/org/brotli/dec/0.1.2/dec-0.1.2.jar:/home/bs/.m2/repository/commons-lang/commons-lang/2.6/commons-lang-2.6.jar:/home/bs/.m2/repository/org/apache/commons/commons-compress/1.21/commons-compress-1.21.jar:/home/bs/.m2/repository/org/apache/httpcomponents/client5/httpclient5/5.1/httpclient5-5.1.jar:/home/bs/.m2/repository/org/apache/httpcomponents/core5/httpcore5/5.1.1/httpcore5-5.1.1.jar:/home/bs/.m2/repository/com/googlecode/json-simple/json-simple/1.1.1/json-simple-1.1.1.jar:/home/bs/.m2/repository/junit/junit/4.10/junit-4.10.jar:/home/bs/.m2/repository/org/hamcrest/hamcrest-core/1.1/hamcrest-core-1.1.jar:/home/bs/.m2/repository/org/testng/testng/7.5/testng-7.5.jar:/home/bs/.m2/repository/com/google/code/findbugs/jsr305/3.0.1/jsr305-3.0.1.jar:/home/bs/.m2/repository/com/beust/jcommander/1.78/jcommander-1.78.jar:/home/bs/.m2/repository/org/webjars/jquery/3.5.1/jquery-3.5.1.jar:/home/bs/.m2/repository/org/json/json/20231013/json-20231013.jar:/home/bs/.m2/repository/io/qameta/allure/allure-testng/2.15.0/allure-testng-2.15.0.jar:/home/bs/.m2/repository/io/qameta/allure/allure-java-commons/2.15.0/allure-java-commons-2.15.0.jar:/home/bs/.m2/repository/io/qameta/allure/allure-model/2.15.0/allure-model-2.15.0.jar:/home/bs/.m2/repository/io/qameta/allure/allure-test-filter/2.15.0/allure-test-filter-2.15.0.jar:/home/bs/.m2/repository/io/qameta/allure/allure-selenide/2.17.3/allure-selenide-2.17.3.jar:/home/bs/.m2/repository/org/aspectj/aspectjweaver/1.9.8.RC1/aspectjweaver-1.9.8.RC1.jar:/home/bs/.m2/repository/org/slf4j/slf4j-simple/1.7.21/slf4j-simple-1.7.21.jar:"/>
    <property name="java.vm.vendor" value="Private Build"/>
    <property name="sun.arch.data.model" value="64"/>
    <property name="java.vendor.url" value="Unknown"/>
    <property name="user.timezone" value="Asia/Kolkata"/>
    <property name="os.name" value="Linux"/>
    <property name="java.vm.specification.version" value="13"/>
    <property name="sun.java.launcher" value="SUN_STANDARD"/>
    <property name="user.country" value="US"/>
    <property name="sun.boot.library.path" value="/usr/lib/jvm/java-13-openjdk-amd64/lib"/>
    <property name="sun.java.command" value="/home/bs/Documents/starboard-dhyey-github/starboard-android/target/surefire/surefirebooter2533886596659095954.jar /home/bs/Documents/starboard-dhyey-github/starboard-android/target/surefire 2024-01-05T12-46-21_254-jvmRun1 surefire13576589827569498262tmp surefire_017397607023120150128tmp"/>
    <property name="jdk.debug" value="release"/>
    <property name="surefire.test.class.path" value="/home/bs/Documents/starboard-dhyey-github/starboard-android/target/test-classes:/home/bs/Documents/starboard-dhyey-github/starboard-android/target/classes:/home/bs/.m2/repository/io/appium/java-client/7.6.0/java-client-7.6.0.jar:/home/bs/.m2/repository/org/seleniumhq/selenium/selenium-support/3.141.59/selenium-support-3.141.59.jar:/home/bs/.m2/repository/org/seleniumhq/selenium/selenium-api/3.141.59/selenium-api-3.141.59.jar:/home/bs/.m2/repository/com/google/code/gson/gson/2.8.8/gson-2.8.8.jar:/home/bs/.m2/repository/org/apache/httpcomponents/httpclient/4.5.13/httpclient-4.5.13.jar:/home/bs/.m2/repository/org/apache/httpcomponents/httpcore/4.4.13/httpcore-4.4.13.jar:/home/bs/.m2/repository/commons-logging/commons-logging/1.2/commons-logging-1.2.jar:/home/bs/.m2/repository/commons-codec/commons-codec/1.11/commons-codec-1.11.jar:/home/bs/.m2/repository/cglib/cglib/3.3.0/cglib-3.3.0.jar:/home/bs/.m2/repository/org/ow2/asm/asm/7.1/asm-7.1.jar:/home/bs/.m2/repository/commons-validator/commons-validator/1.7/commons-validator-1.7.jar:/home/bs/.m2/repository/commons-beanutils/commons-beanutils/1.9.4/commons-beanutils-1.9.4.jar:/home/bs/.m2/repository/commons-digester/commons-digester/2.1/commons-digester-2.1.jar:/home/bs/.m2/repository/commons-collections/commons-collections/3.2.2/commons-collections-3.2.2.jar:/home/bs/.m2/repository/org/apache/commons/commons-lang3/3.12.0/commons-lang3-3.12.0.jar:/home/bs/.m2/repository/commons-io/commons-io/2.11.0/commons-io-2.11.0.jar:/home/bs/.m2/repository/org/springframework/spring-context/5.3.10/spring-context-5.3.10.jar:/home/bs/.m2/repository/org/springframework/spring-aop/5.3.10/spring-aop-5.3.10.jar:/home/bs/.m2/repository/org/springframework/spring-beans/5.3.10/spring-beans-5.3.10.jar:/home/bs/.m2/repository/org/springframework/spring-core/5.3.10/spring-core-5.3.10.jar:/home/bs/.m2/repository/org/springframework/spring-jcl/5.3.10/spring-jcl-5.3.10.jar:/home/bs/.m2/repository/org/springframework/spring-expression/5.3.10/spring-expression-5.3.10.jar:/home/bs/.m2/repository/org/slf4j/slf4j-api/1.7.32/slf4j-api-1.7.32.jar:/home/bs/.m2/repository/org/seleniumhq/selenium/selenium-java/3.141.59/selenium-java-3.141.59.jar:/home/bs/.m2/repository/org/seleniumhq/selenium/selenium-chrome-driver/3.141.59/selenium-chrome-driver-3.141.59.jar:/home/bs/.m2/repository/org/seleniumhq/selenium/selenium-edge-driver/3.141.59/selenium-edge-driver-3.141.59.jar:/home/bs/.m2/repository/org/seleniumhq/selenium/selenium-firefox-driver/3.141.59/selenium-firefox-driver-3.141.59.jar:/home/bs/.m2/repository/org/seleniumhq/selenium/selenium-ie-driver/3.141.59/selenium-ie-driver-3.141.59.jar:/home/bs/.m2/repository/org/seleniumhq/selenium/selenium-opera-driver/3.141.59/selenium-opera-driver-3.141.59.jar:/home/bs/.m2/repository/org/seleniumhq/selenium/selenium-remote-driver/3.141.59/selenium-remote-driver-3.141.59.jar:/home/bs/.m2/repository/org/seleniumhq/selenium/selenium-safari-driver/3.141.59/selenium-safari-driver-3.141.59.jar:/home/bs/.m2/repository/net/bytebuddy/byte-buddy/1.8.15/byte-buddy-1.8.15.jar:/home/bs/.m2/repository/org/apache/commons/commons-exec/1.3/commons-exec-1.3.jar:/home/bs/.m2/repository/com/google/guava/guava/25.0-jre/guava-25.0-jre.jar:/home/bs/.m2/repository/org/checkerframework/checker-compat-qual/2.0.0/checker-compat-qual-2.0.0.jar:/home/bs/.m2/repository/com/google/errorprone/error_prone_annotations/2.1.3/error_prone_annotations-2.1.3.jar:/home/bs/.m2/repository/com/google/j2objc/j2objc-annotations/1.1/j2objc-annotations-1.1.jar:/home/bs/.m2/repository/org/codehaus/mojo/animal-sniffer-annotations/1.14/animal-sniffer-annotations-1.14.jar:/home/bs/.m2/repository/com/squareup/okhttp3/okhttp/3.11.0/okhttp-3.11.0.jar:/home/bs/.m2/repository/com/squareup/okio/okio/1.14.0/okio-1.14.0.jar:/home/bs/.m2/repository/com/github/automatedowl/allure-environment-writer/1.0.0/allure-environment-writer-1.0.0.jar:/home/bs/.m2/repository/com/codeborne/selenide/5.25.0/selenide-5.25.0.jar:/home/bs/.m2/repository/org/opentest4j/opentest4j/1.2.0/opentest4j-1.2.0.jar:/home/bs/.m2/repository/io/github/bonigarcia/webdrivermanager/5.0.3/webdrivermanager-5.0.3.jar:/home/bs/.m2/repository/org/jsoup/jsoup/1.14.2/jsoup-1.14.2.jar:/home/bs/.m2/repository/org/brotli/dec/0.1.2/dec-0.1.2.jar:/home/bs/.m2/repository/commons-lang/commons-lang/2.6/commons-lang-2.6.jar:/home/bs/.m2/repository/org/apache/commons/commons-compress/1.21/commons-compress-1.21.jar:/home/bs/.m2/repository/org/apache/httpcomponents/client5/httpclient5/5.1/httpclient5-5.1.jar:/home/bs/.m2/repository/org/apache/httpcomponents/core5/httpcore5/5.1.1/httpcore5-5.1.1.jar:/home/bs/.m2/repository/com/googlecode/json-simple/json-simple/1.1.1/json-simple-1.1.1.jar:/home/bs/.m2/repository/junit/junit/4.10/junit-4.10.jar:/home/bs/.m2/repository/org/hamcrest/hamcrest-core/1.1/hamcrest-core-1.1.jar:/home/bs/.m2/repository/org/testng/testng/7.5/testng-7.5.jar:/home/bs/.m2/repository/com/google/code/findbugs/jsr305/3.0.1/jsr305-3.0.1.jar:/home/bs/.m2/repository/com/beust/jcommander/1.78/jcommander-1.78.jar:/home/bs/.m2/repository/org/webjars/jquery/3.5.1/jquery-3.5.1.jar:/home/bs/.m2/repository/org/json/json/20231013/json-20231013.jar:/home/bs/.m2/repository/io/qameta/allure/allure-testng/2.15.0/allure-testng-2.15.0.jar:/home/bs/.m2/repository/io/qameta/allure/allure-java-commons/2.15.0/allure-java-commons-2.15.0.jar:/home/bs/.m2/repository/io/qameta/allure/allure-model/2.15.0/allure-model-2.15.0.jar:/home/bs/.m2/repository/io/qameta/allure/allure-test-filter/2.15.0/allure-test-filter-2.15.0.jar:/home/bs/.m2/repository/io/qameta/allure/allure-selenide/2.17.3/allure-selenide-2.17.3.jar:/home/bs/.m2/repository/org/aspectj/aspectjweaver/1.9.8.RC1/aspectjweaver-1.9.8.RC1.jar:/home/bs/.m2/repository/org/slf4j/slf4j-simple/1.7.21/slf4j-simple-1.7.21.jar:"/>
    <property name="sun.cpu.endian" value="little"/>
    <property name="user.home" value="/home/bs"/>
    <property name="user.language" value="en"/>
    <property name="java.specification.vendor" value="Oracle Corporation"/>
    <property name="java.version.date" value="2021-04-20"/>
    <property name="java.home" value="/usr/lib/jvm/java-13-openjdk-amd64"/>
    <property name="file.separator" value="/"/>
    <property name="basedir" value="/home/bs/Documents/starboard-dhyey-github/starboard-android"/>
    <property name="java.vm.compressedOopsMode" value="Zero based"/>
    <property name="line.separator" value="&#10;"/>
    <property name="java.vm.specification.vendor" value="Oracle Corporation"/>
    <property name="java.specification.name" value="Java Platform API Specification"/>
    <property name="surefire.real.class.path" value="/home/bs/Documents/starboard-dhyey-github/starboard-android/target/surefire/surefirebooter2533886596659095954.jar"/>
    <property name="sun.management.compiler" value="HotSpot 64-Bit Tiered Compilers"/>
    <property name="java.runtime.version" value="13.0.7+5-Ubuntu-0ubuntu120.04"/>
    <property name="user.name" value="bs"/>
    <property name="path.separator" value=":"/>
    <property name="os.version" value="5.15.0-91-generic"/>
    <property name="java.runtime.name" value="OpenJDK Runtime Environment"/>
    <property name="file.encoding" value="UTF-8"/>
    <property name="java.vm.name" value="OpenJDK 64-Bit Server VM"/>
    <property name="localRepository" value="/home/bs/.m2/repository"/>
    <property name="java.vendor.url.bug" value="Unknown"/>
    <property name="java.io.tmpdir" value="/tmp"/>
    <property name="java.version" value="13.0.7"/>
    <property name="user.dir" value="/home/bs/Documents/starboard-dhyey-github/starboard-android"/>
    <property name="os.arch" value="amd64"/>
    <property name="java.vm.specification.name" value="Java Virtual Machine Specification"/>
    <property name="java.library.path" value="/usr/java/packages/lib:/usr/lib/x86_64-linux-gnu/jni:/lib/x86_64-linux-gnu:/usr/lib/x86_64-linux-gnu:/usr/lib/jni:/lib:/usr/lib"/>
    <property name="java.vm.info" value="mixed mode, sharing"/>
    <property name="java.vendor" value="Private Build"/>
    <property name="java.vm.version" value="13.0.7+5-Ubuntu-0ubuntu120.04"/>
    <property name="sun.io.unicode.encoding" value="UnicodeLittle"/>
    <property name="java.class.version" value="57.0"/>
  </properties>
  <testcase name="Update_location" classname="general.Add_Location" time="52.25">
    <failure message="Expected condition failed: waiting for visibility of element located by By.xpath: //android.widget.TextView[@text=&apos;Transactions&apos;] (tried for 20 second(s) with 500 milliseconds interval)" type="java.lang.AssertionError"><![CDATA[java.lang.AssertionError: Expected condition failed: waiting for visibility of element located by By.xpath: //android.widget.TextView[@text='Transactions'] (tried for 20 second(s) with 500 milliseconds interval)
	at general.Add_Location.Update_location(Add_Location.java:156)
]]></failure>
    <system-out><![CDATA[Current working directory: /home/bs/Documents/starboard-dhyey-github/starboard-android
Encrypted Text: t4R2UY3s4lCmbk7LouyHr++MCndthzrV0U+rfcoEbLg=
Email token : t4R2UY3s4lCmbk7LouyHr++MCndthzrV0U+rfcoEbLg=
java.net.UnknownHostException: starboard-api.dev.starboardcard.dexteraparte.com
********************Failed successfully********************
 waiting to click 
waiting done
org.openqa.selenium.WebDriverException: An unknown server-side error occurred while processing the command. Original error: Url or Uri must start with <scheme>://
Build info: version: '3.141.59', revision: 'e82be7d358', time: '2018-11-14T08:17:03'
System info: host: 'purvish', ip: '192.168.1.21', os.name: 'Linux', os.arch: 'amd64', os.version: '5.15.0-91-generic', java.version: '13.0.7'
Driver info: io.appium.java_client.android.AndroidDriver
Capabilities {app: /home/bs/Documents/starboar..., appActivity: com.impossible_research.san..., appPackage: com.impossible_research.san..., automationName: Appium, chromedriverExecutable: /home/bs/Documents/starboar..., databaseEnabled: false, desired: {app: /home/bs/Documents/starboar..., appActivity: com.impossible_research.san..., appPackage: com.impossible_research.san..., automationName: Appium, chromedriverExecutable: /home/bs/Documents/starboar..., deviceName: emulator-5554, ignoreHiddenApiPolicyError: true, noReset: true, pageLoadStrategy: none, platformName: android}, deviceApiLevel: 33, deviceManufacturer: Google, deviceModel: sdk_gphone_x86_64, deviceName: emulator-5554, deviceScreenDensity: 560, deviceScreenSize: 1440x3120, deviceUDID: emulator-5554, ignoreHiddenApiPolicyError: true, javascriptEnabled: true, locationContextEnabled: false, networkConnectionEnabled: true, noReset: true, pageLoadStrategy: none, pixelRatio: 3.5, platform: LINUX, platformName: Android, platformVersion: 13, statBarHeight: 84, takesScreenshot: true, viewportRect: {height: 2807, left: 0, top: 84, width: 1440}, warnings: {}, webStorageEnabled: false}
Session ID: 1cb1217c-0bf9-471f-b75b-903ee60dc43a
<?xml version='1.0' encoding='UTF-8' standalone='yes' ?>
<hierarchy index="0" class="hierarchy" rotation="0" width="1440" height="2891">
  <android.widget.FrameLayout index="0" package="com.impossible_research.sandbox.starboard" class="android.widget.FrameLayout" text="" checkable="false" checked="false" clickable="false" enabled="true" focusable="false" focused="false" long-clickable="false" password="false" scrollable="false" selected="false" bounds="[37,1085][1403,2096]" displayed="true">
    <android.widget.LinearLayout index="0" package="com.impossible_research.sandbox.starboard" class="android.widget.LinearLayout" text="" checkable="false" checked="false" clickable="false" enabled="true" focusable="false" focused="false" long-clickable="false" password="false" scrollable="false" selected="false" bounds="[37,1085][1403,2096]" displayed="true">
      <android.widget.FrameLayout index="0" package="com.impossible_research.sandbox.starboard" class="android.widget.FrameLayout" text="" checkable="false" checked="false" clickable="false" enabled="true" focusable="false" focused="false" long-clickable="false" password="false" scrollable="false" selected="false" bounds="[60,1176][1380,2005]" displayed="true">
        <android.widget.FrameLayout index="0" package="com.impossible_research.sandbox.starboard" class="android.widget.FrameLayout" text="" resource-id="com.impossible_research.sandbox.starboard:id/action_bar_root" checkable="false" checked="false" clickable="false" enabled="true" focusable="false" focused="false" long-clickable="false" password="false" scrollable="false" selected="false" bounds="[60,1176][1380,2005]" displayed="true">
          <android.widget.FrameLayout index="0" package="com.impossible_research.sandbox.starboard" class="android.widget.FrameLayout" text="" resource-id="android:id/content" checkable="false" checked="false" clickable="false" enabled="true" focusable="false" focused="false" long-clickable="false" password="false" scrollable="false" selected="false" bounds="[83,1267][1357,1914]" displayed="true">
            <android.widget.LinearLayout index="0" package="com.impossible_research.sandbox.starboard" class="android.widget.LinearLayout" text="" checkable="false" checked="false" clickable="false" enabled="true" focusable="false" focused="false" long-clickable="false" password="false" scrollable="false" selected="false" bounds="[83,1267][1357,1914]" displayed="true">
              <android.widget.RelativeLayout index="0" package="com.impossible_research.sandbox.starboard" class="android.widget.RelativeLayout" text="" checkable="false" checked="false" clickable="false" enabled="true" focusable="false" focused="false" long-clickable="false" password="false" scrollable="false" selected="false" bounds="[83,1267][1357,1607]" displayed="true">
                <android.widget.ImageView index="0" package="com.impossible_research.sandbox.starboard" class="android.widget.ImageView" text="" resource-id="com.impossible_research.sandbox.starboard:id/space_view" checkable="false" checked="false" clickable="false" enabled="true" focusable="false" focused="false" long-clickable="false" password="false" scrollable="false" selected="false" bounds="[83,1267][1357,1299]" displayed="true" />
                <android.widget.LinearLayout index="1" package="com.impossible_research.sandbox.starboard" class="android.widget.LinearLayout" text="" resource-id="com.impossible_research.sandbox.starboard:id/head_view" checkable="false" checked="false" clickable="false" enabled="true" focusable="false" focused="false" long-clickable="false" password="false" scrollable="false" selected="false" bounds="[83,1299][1357,1607]" displayed="true">
                  <android.widget.LinearLayout index="0" package="com.impossible_research.sandbox.starboard" class="android.widget.LinearLayout" text="" resource-id="com.impossible_research.sandbox.starboard:id/dialog_item_layout" checkable="false" checked="false" clickable="false" enabled="true" focusable="false" focused="false" long-clickable="false" password="false" scrollable="false" selected="false" bounds="[83,1299][1357,1602]" displayed="true">
                    <android.widget.TextView index="0" package="com.impossible_research.sandbox.starboard" class="android.widget.TextView" text="Oops! Something went wrong while connecting. Please check your internet connection and try reopening the app." resource-id="com.impossible_research.sandbox.starboard:id/sub_heading" checkable="false" checked="false" clickable="false" enabled="true" focusable="false" focused="false" long-clickable="false" password="false" scrollable="false" selected="false" bounds="[151,1345][1289,1533]" displayed="true" />
                  </android.widget.LinearLayout>
                  <android.view.View index="1" package="com.impossible_research.sandbox.starboard" class="android.view.View" text="" checkable="false" checked="false" clickable="false" enabled="true" focusable="false" focused="false" long-clickable="false" password="false" scrollable="false" selected="false" bounds="[83,1602][1357,1607]" displayed="true" />
                </android.widget.LinearLayout>
              </android.widget.RelativeLayout>
              <android.widget.LinearLayout index="1" package="com.impossible_research.sandbox.starboard" class="android.widget.LinearLayout" text="" checkable="false" checked="false" clickable="false" enabled="true" focusable="false" focused="false" long-clickable="false" password="false" scrollable="false" selected="false" bounds="[83,1607][1357,1914]" displayed="true">
                <android.widget.TextView index="0" package="com.impossible_research.sandbox.starboard" class="android.widget.TextView" text="Cancel" resource-id="com.impossible_research.sandbox.starboard:id/cancel" checkable="false" checked="false" clickable="true" enabled="true" focusable="true" focused="false" long-clickable="false" password="false" scrollable="false" selected="false" bounds="[151,1675][1289,1846]" displayed="true" />
              </android.widget.LinearLayout>
            </android.widget.LinearLayout>
          </android.widget.FrameLayout>
        </android.widget.FrameLayout>
      </android.widget.FrameLayout>
    </android.widget.LinearLayout>
  </android.widget.FrameLayout>
</hierarchy>
org.openqa.selenium.TimeoutException: Expected condition failed: waiting for element to be clickable: By.xpath: //android.widget.TextView[@text='Enter your new PIN'] (tried for 100 second(s) with 500 milliseconds interval)
org.openqa.selenium.TimeoutException: Expected condition failed: waiting for visibility of element located by By.xpath: //android.widget.TextView[@text='Home'] (tried for 30 second(s) with 500 milliseconds interval)
]]></system-out>
    <system-err><![CDATA[[main] INFO org.testng.internal.Utils - [TestRunner] Running the tests in 'Starboard_test_cases' with parallel mode:none
[main] INFO org.testng.internal.Utils - [RunInfo] Adding method selector: org.testng.internal.XmlMethodSelector@3ad394e6 priority: 10
[main] INFO org.testng.internal.Utils - [TestClass] Creating TestClass for [ClassImpl class=general.Login_Magic_link]
[main] INFO org.testng.internal.Utils - [XmlMethodSelector] Including method general.LoginTOApplication()
[main] INFO org.testng.internal.Utils - [Utils] MethodGroupsHelper.collectMethodsByGroup() took 16 ms.
[main] INFO org.testng.internal.Utils - [Utils] MethodGroupsHelper.sortMethods() took 24 ms.
[main] INFO org.testng.internal.Utils - [XmlMethodSelector] Including method general.TearDown()
[main] INFO org.testng.internal.Utils - [Utils] MethodGroupsHelper.collectMethodsByGroup() took 0 ms.
[main] INFO org.testng.internal.Utils - [Utils] MethodGroupsHelper.sortMethods() took 0 ms.
[main] INFO org.testng.internal.Utils - [Utils] MethodGroupsHelper.collectMethodsByGroup() took 0 ms.
[main] INFO org.testng.internal.Utils - [Utils] MethodGroupsHelper.sortMethods() took 0 ms.
[main] INFO org.testng.internal.Utils - [Utils] MethodGroupsHelper.collectMethodsByGroup() took 0 ms.
[main] INFO org.testng.internal.Utils - [Utils] MethodGroupsHelper.sortMethods() took 0 ms.
[main] INFO org.testng.internal.Utils - [Utils] MethodGroupsHelper.collectMethodsByGroup() took 0 ms.
[main] INFO org.testng.internal.Utils - [Utils] MethodGroupsHelper.sortMethods() took 0 ms.
[main] INFO org.testng.internal.Utils - [Utils] MethodGroupsHelper.collectMethodsByGroup() took 0 ms.
[main] INFO org.testng.internal.Utils - [Utils] MethodGroupsHelper.sortMethods() took 0 ms.
[main] INFO org.testng.internal.Utils - [Utils] MethodGroupsHelper.collectMethodsByGroup() took 0 ms.
[main] INFO org.testng.internal.Utils - [Utils] MethodGroupsHelper.sortMethods() took 0 ms.
[main] INFO org.testng.internal.Utils - [Utils] MethodGroupsHelper.collectMethodsByGroup() took 0 ms.
[main] INFO org.testng.internal.Utils - [Utils] MethodGroupsHelper.sortMethods() took 0 ms.
[main] INFO org.testng.internal.Utils - [Utils] MethodGroupsHelper.collectMethodsByGroup() took 0 ms.
[main] INFO org.testng.internal.Utils - [Utils] MethodGroupsHelper.sortMethods() took 0 ms.
[main] INFO org.testng.internal.Utils - [Utils] MethodGroupsHelper.collectMethodsByGroup() took 0 ms.
[main] INFO org.testng.internal.Utils - [Utils] MethodGroupsHelper.sortMethods() took 0 ms.
[main] INFO org.testng.internal.Utils - [TestClass] Creating TestClass for [ClassImpl class=general.Add_Location]
[main] INFO org.testng.internal.Utils - [TestClass] Adding method Add_Location.Update_location()[pri:1, instance:null] on TestClass class general.Add_Location
[main] INFO org.testng.internal.Utils - [Utils] MethodGroupsHelper.collectMethodsByGroup() took 0 ms.
[main] INFO org.testng.internal.Utils - [Utils] MethodGroupsHelper.sortMethods() took 0 ms.
[main] INFO org.testng.internal.Utils - [Utils] MethodGroupsHelper.collectMethodsByGroup() took 0 ms.
[main] INFO org.testng.internal.Utils - [Utils] MethodGroupsHelper.sortMethods() took 0 ms.
[main] INFO org.testng.internal.Utils - [Utils] MethodGroupsHelper.collectMethodsByGroup() took 0 ms.
[main] INFO org.testng.internal.Utils - [Utils] MethodGroupsHelper.sortMethods() took 0 ms.
[main] INFO org.testng.internal.Utils - [Utils] MethodGroupsHelper.collectMethodsByGroup() took 0 ms.
[main] INFO org.testng.internal.Utils - [Utils] MethodGroupsHelper.sortMethods() took 0 ms.
[main] INFO org.testng.internal.Utils - [Utils] MethodGroupsHelper.collectMethodsByGroup() took 0 ms.
[main] INFO org.testng.internal.Utils - [Utils] MethodGroupsHelper.sortMethods() took 0 ms.
[main] INFO org.testng.internal.Utils - [Utils] MethodGroupsHelper.collectMethodsByGroup() took 0 ms.
[main] INFO org.testng.internal.Utils - [Utils] MethodGroupsHelper.sortMethods() took 0 ms.
[main] INFO org.testng.internal.Utils - [Utils] MethodGroupsHelper.collectMethodsByGroup() took 0 ms.
[main] INFO org.testng.internal.Utils - [Utils] MethodGroupsHelper.sortMethods() took 0 ms.
[main] INFO org.testng.internal.Utils - [Utils] MethodGroupsHelper.collectMethodsByGroup() took 0 ms.
[main] INFO org.testng.internal.Utils - [Utils] MethodGroupsHelper.sortMethods() took 0 ms.
[main] INFO org.testng.internal.Utils - [Utils] MethodGroupsHelper.collectMethodsByGroup() took 0 ms.
[main] INFO org.testng.internal.Utils - [Utils] MethodGroupsHelper.sortMethods() took 0 ms.
[main] INFO org.testng.internal.Utils - [Utils] MethodGroupsHelper.collectMethodsByGroup() took 0 ms.
[main] INFO org.testng.internal.Utils - [Utils] MethodGroupsHelper.sortMethods() took 0 ms.
[main] INFO org.testng.internal.Utils - [Utils] MethodGroupsHelper.collectMethodsByGroup() took 0 ms.
[main] INFO org.testng.internal.Utils - [Utils] MethodGroupsHelper.sortMethods() took 0 ms.
[main] INFO org.testng.internal.Utils - [Utils] MethodGroupsHelper.collectMethodsByGroup() took 0 ms.
[main] INFO org.testng.internal.Utils - [Utils] MethodGroupsHelper.sortMethods() took 0 ms.
[main] INFO org.testng.internal.Utils - [XmlMethodSelector] Including method general.Update_location()
[main] INFO org.testng.internal.Utils - [Utils] MethodGroupsHelper.collectMethodsByGroup() took 0 ms.
[main] INFO org.testng.internal.Utils - [Utils] MethodGroupsHelper.sortMethods() took 0 ms.
[main] INFO org.testng.internal.Utils - [Utils] MethodGroupsHelper.collectMethodsByGroup() took 0 ms.
[main] INFO org.testng.internal.Utils - [Utils] MethodGroupsHelper.sortMethods() took 0 ms.
[main] INFO org.testng.internal.Utils - [Utils] MethodGroupsHelper.collectMethodsByGroup() took 0 ms.
[main] INFO org.testng.internal.Utils - [Utils] MethodGroupsHelper.sortMethods() took 0 ms.
[main] INFO org.testng.internal.Utils - [Invoker 1642356615] Keeping method Login_Magic_link.LoginTOApplication()[pri:0, instance:general.Login_Magic_link@4d7e7435] for class null
[main] INFO org.testng.internal.Utils - [Invoker 1642356615] Invoking @BeforeSuite Login_Magic_link.LoginTOApplication()[pri:0, instance:general.Login_Magic_link@4d7e7435]
Jan 05, 2024 12:46:55 PM io.appium.java_client.remote.AppiumCommandExecutor$1 lambda$0
INFO: Detected dialect: W3C
[main] INFO org.testng.internal.Utils - [SuiteRunner] Created 1 TestRunners
[main] INFO org.testng.internal.Utils - [TestRunner] Running test Starboard_test_cases on 2  classes,  included groups:[] excluded groups:[]
[main] INFO org.testng.TestClass - ===== Test class
general.Login_Magic_link
[main] INFO org.testng.TestClass - ======
[main] INFO org.testng.TestClass - ===== Test class
general.Add_Location
[main] INFO org.testng.TestClass -     @Test Add_Location.Update_location()[pri:1, instance:general.Add_Location@3c2772d1]
[main] INFO org.testng.TestClass - ======
[main] INFO org.testng.internal.Utils - [Utils] DynamicGraphHelper.createDynamicGraph() took 12 ms.
[main] INFO org.testng.internal.Utils - [Invoker 1642356615] No configuration methods found
[main] INFO org.testng.internal.Utils - [Invoker 1642356615] No configuration methods found
[main] INFO org.testng.internal.Utils - [Invoker 1642356615] Invoking general.Add_Location.Update_location
]]></system-err>
  </testcase>
</testsuite>