<?xml version="1.0" encoding="UTF-8"?>
<!-- Generated by org.testng.reporters.JUnitReportReporter -->
<testsuite hostname="purvish" failures="0" tests="1" name="general.Add_Location" time="16.676" errors="0" timestamp="2023-12-21T15:19:38 IST" skipped="0">
  <testcase classname="general.Add_Location" name="Update_location" time="16.676"/>
  <system-out/>
</testsuite> <!-- general.Add_Location -->
