<?xml version="1.0" encoding="UTF-8"?>
<!-- Generated by org.testng.reporters.JUnitReportReporter -->
<testsuite hostname="purvish" failures="0" tests="1" name="general.Add_Location" time="9.386" errors="0" timestamp="2024-01-09T16:31:00 IST" skipped="0">
  <testcase classname="general.Add_Location" name="Update_location" time="9.386"/>
  <system-out/>
</testsuite> <!-- general.Add_Location -->
