<?xml version="1.0" encoding="UTF-8"?>
<!-- Generated by org.testng.reporters.JUnitReportReporter -->
<testsuite hostname="purvish" failures="0" tests="1" name="general.Invite_Crew" time="28.963" errors="0" timestamp="2023-12-21T15:19:38 IST" skipped="0">
  <testcase classname="general.Invite_Crew" name="sent_invite" time="28.963"/>
  <system-out/>
</testsuite> <!-- general.Invite_Crew -->
