<?xml version="1.0" encoding="UTF-8"?>
<!-- Generated by org.testng.reporters.JUnitReportReporter -->
<testsuite hostname="bs-HP-Pavilion-Laptop-14-dv2xxx" failures="0" tests="1" name="general.Add_Location" time="9.321" errors="0" timestamp="2024-01-30T19:29:17 IST" skipped="0">
  <testcase classname="general.Add_Location" name="Update_location" time="9.321"/>
  <system-out/>
</testsuite> <!-- general.Add_Location -->
