<?xml version="1.0" encoding="UTF-8"?>
<!-- Generated by org.testng.reporters.JUnitReportReporter -->
<testsuite hostname="purvish" failures="0" tests="2" name="general.Setting_Preference" time="29.125" errors="0" timestamp="2023-12-21T15:19:38 IST" skipped="0">
  <testcase classname="general.Setting_Preference" name="Preference" time="13.265"/>
  <system-out/>
  <testcase classname="general.Setting_Preference" name="Update_mydetails" time="15.860"/>
  <system-out/>
</testsuite> <!-- general.Setting_Preference -->
